TN:
SF:src\app.ts
FNF:0
FNH:0
DA:1,1
DA:2,1
DA:3,1
DA:4,1
DA:5,1
DA:6,1
DA:7,1
DA:8,1
DA:9,1
DA:10,1
DA:11,1
DA:12,1
DA:13,1
DA:14,1
DA:15,1
LF:15
LH:15
BRF:0
BRH:0
end_of_record
TN:
SF:src\routes.ts
FNF:0
FNH:0
DA:1,1
DA:2,1
DA:3,1
DA:4,1
DA:5,1
DA:6,1
DA:7,1
DA:8,1
DA:9,1
DA:10,1
DA:11,1
DA:12,1
DA:13,1
DA:14,1
DA:15,1
DA:16,1
DA:17,1
DA:18,1
DA:19,1
DA:20,1
DA:21,1
DA:22,1
DA:23,1
DA:24,1
DA:25,1
DA:26,1
DA:27,1
DA:28,1
DA:29,1
DA:30,1
DA:31,1
DA:32,1
DA:33,1
LF:33
LH:33
BRF:0
BRH:0
end_of_record
TN:
SF:src\prisma\client.ts
FNF:0
FNH:0
DA:1,1
DA:2,1
DA:3,1
DA:4,1
DA:5,1
LF:5
LH:5
BRF:0
BRH:0
end_of_record
TN:
SF:src\useCases\Desenvolvedores\Create\CreateDevController.ts
FN:5,handle
FNF:1
FNH:1
FNDA:7,handle
DA:1,1
DA:2,1
DA:3,1
DA:4,1
DA:5,1
DA:6,7
DA:7,7
DA:8,7
DA:9,7
DA:10,7
DA:11,7
DA:12,7
DA:13,7
DA:14,7
DA:15,7
DA:16,7
DA:17,7
DA:18,7
DA:19,7
DA:20,7
DA:21,1
DA:22,1
DA:23,7
DA:24,1
DA:25,1
DA:26,1
LF:26
LH:26
BRDA:5,0,0,7
BRDA:20,1,0,1
BRF:2
BRH:2
end_of_record
TN:
SF:src\useCases\Desenvolvedores\Create\CreateDevUseCase.ts
FN:13,execute
FNF:1
FNH:1
FNDA:7,execute
DA:1,1
DA:2,1
DA:3,1
DA:4,1
DA:5,1
DA:6,1
DA:7,1
DA:8,1
DA:9,1
DA:10,1
DA:11,1
DA:12,1
DA:13,1
DA:14,7
DA:15,7
DA:16,7
DA:17,7
DA:18,7
DA:19,7
DA:20,7
DA:21,7
DA:22,7
DA:23,7
DA:24,7
DA:25,7
DA:26,7
DA:27,7
DA:28,7
DA:29,1
DA:30,1
DA:31,1
LF:31
LH:31
BRDA:13,0,0,7
BRF:1
BRH:1
end_of_record
TN:
SF:src\useCases\Desenvolvedores\Delete\DeleteDevController.ts
FN:5,handle
FNF:1
FNH:1
FNDA:2,handle
DA:1,1
DA:2,1
DA:3,1
DA:4,1
DA:5,1
DA:6,2
DA:7,2
DA:8,2
DA:9,2
DA:10,2
DA:11,2
DA:12,2
DA:13,2
DA:14,2
DA:15,2
DA:16,2
DA:17,2
DA:18,2
DA:19,2
DA:20,1
DA:21,1
DA:22,1
LF:22
LH:22
BRDA:5,0,0,2
BRF:1
BRH:1
end_of_record
TN:
SF:src\useCases\Desenvolvedores\Delete\DeleteDevUseCase.ts
FN:8,execute
FNF:1
FNH:1
FNDA:2,execute
DA:1,1
DA:2,1
DA:3,1
DA:4,1
DA:5,1
DA:6,1
DA:7,1
DA:8,1
DA:9,2
DA:10,2
DA:11,2
DA:12,2
DA:13,2
DA:14,1
DA:15,1
DA:16,1
DA:17,1
DA:18,1
DA:19,1
LF:19
LH:19
BRDA:8,0,0,2
BRDA:14,1,0,1
BRF:2
BRH:2
end_of_record
TN:
SF:src\useCases\Desenvolvedores\Get\GetDevController.ts
FN:5,handle
FNF:1
FNH:1
FNDA:8,handle
DA:1,1
DA:2,1
DA:3,1
DA:4,1
DA:5,1
DA:6,8
DA:7,8
DA:8,8
DA:9,8
DA:10,8
DA:11,8
DA:12,8
DA:13,8
DA:14,8
DA:15,8
DA:16,7
DA:17,8
DA:18,2
DA:19,2
DA:20,5
DA:21,5
DA:22,8
DA:23,1
DA:24,1
DA:25,8
DA:26,1
DA:27,1
DA:28,1
LF:28
LH:28
BRDA:5,0,0,8
BRDA:16,1,0,7
BRDA:17,2,0,2
BRDA:20,3,0,5
BRDA:22,4,0,1
BRF:5
BRH:5
end_of_record
TN:
SF:src\useCases\Desenvolvedores\Get\GetDevUseCase.ts
FN:10,execute
FNF:1
FNH:1
FNDA:8,execute
DA:1,1
DA:2,1
DA:3,1
DA:4,1
DA:5,1
DA:6,1
DA:7,1
DA:8,1
DA:9,1
DA:10,1
DA:11,8
DA:12,8
DA:13,8
DA:14,8
DA:15,6
DA:16,8
DA:17,2
DA:18,2
DA:19,8
DA:20,8
DA:21,8
DA:22,8
DA:23,8
DA:24,8
DA:25,8
DA:26,8
DA:27,8
DA:28,8
DA:29,8
DA:30,8
DA:31,8
DA:32,8
DA:33,8
DA:34,8
DA:35,7
DA:36,8
DA:37,2
DA:38,2
DA:39,8
DA:40,8
DA:41,8
DA:42,1
DA:43,1
DA:44,1
LF:44
LH:44
BRDA:10,0,0,8
BRDA:14,1,0,3
BRDA:14,2,0,6
BRDA:16,3,0,2
BRDA:35,4,0,7
BRDA:36,5,0,2
BRF:6
BRH:6
end_of_record
TN:
SF:src\useCases\Desenvolvedores\Update\UpdateDevController.ts
FN:5,handle
FNF:1
FNH:1
FNDA:2,handle
DA:1,1
DA:2,1
DA:3,1
DA:4,1
DA:5,1
DA:6,2
DA:7,2
DA:8,2
DA:9,2
DA:10,2
DA:11,2
DA:12,2
DA:13,2
DA:14,2
DA:15,2
DA:16,2
DA:17,2
DA:18,2
DA:19,2
DA:20,2
DA:21,1
DA:22,1
DA:23,1
DA:24,1
DA:25,1
DA:26,2
DA:27,1
DA:28,1
DA:29,1
LF:29
LH:29
BRDA:5,0,0,2
BRDA:21,1,0,1
BRF:2
BRH:2
end_of_record
TN:
SF:src\useCases\Desenvolvedores\Update\UpdateDevUseCase.ts
FN:14,execute
FNF:1
FNH:1
FNDA:2,execute
DA:1,1
DA:2,1
DA:3,1
DA:4,1
DA:5,1
DA:6,1
DA:7,1
DA:8,1
DA:9,1
DA:10,1
DA:11,1
DA:12,1
DA:13,1
DA:14,1
DA:15,2
DA:16,2
DA:17,2
DA:18,2
DA:19,2
DA:20,2
DA:21,2
DA:22,2
DA:23,2
DA:24,2
DA:25,2
DA:26,2
DA:27,2
DA:28,2
DA:29,1
DA:30,1
DA:31,1
DA:32,1
DA:33,1
DA:34,1
LF:34
LH:34
BRDA:14,0,0,2
BRDA:29,1,0,1
BRF:2
BRH:2
end_of_record
TN:
SF:src\useCases\Niveis\Create\CreateNivelController.ts
FN:5,handle
FNF:1
FNH:1
FNDA:11,handle
DA:1,1
DA:2,1
DA:3,1
DA:4,1
DA:5,1
DA:6,11
DA:7,11
DA:8,11
DA:9,11
DA:10,11
DA:11,11
DA:12,11
DA:13,11
DA:14,11
DA:15,11
DA:16,11
DA:17,6
DA:18,6
DA:19,11
DA:20,1
DA:21,1
DA:22,1
LF:22
LH:22
BRDA:5,0,0,11
BRDA:16,1,0,6
BRF:2
BRH:2
end_of_record
TN:
SF:src\useCases\Niveis\Create\CreateNivelUseCase.ts
FN:8,execute
FNF:1
FNH:1
FNDA:11,execute
DA:1,1
DA:2,1
DA:3,1
DA:4,1
DA:5,1
DA:6,1
DA:7,1
DA:8,1
DA:9,11
DA:10,11
DA:11,11
DA:12,11
DA:13,11
DA:14,5
DA:15,5
DA:16,5
DA:17,5
DA:18,1
DA:19,1
DA:20,1
LF:20
LH:20
BRDA:8,0,0,11
BRDA:14,1,0,5
BRF:2
BRH:2
end_of_record
TN:
SF:src\useCases\Niveis\Delete\DeleteNivelController.ts
FN:5,handle
FNF:1
FNH:1
FNDA:3,handle
DA:1,1
DA:2,1
DA:3,1
DA:4,1
DA:5,1
DA:6,3
DA:7,3
DA:8,3
DA:9,3
DA:10,3
DA:11,3
DA:12,3
DA:13,3
DA:14,3
DA:15,3
DA:16,1
DA:17,1
DA:18,1
DA:19,1
DA:20,1
DA:21,1
DA:22,1
DA:23,3
DA:24,1
DA:25,1
DA:26,1
LF:26
LH:26
BRDA:5,0,0,3
BRDA:15,1,0,1
BRF:2
BRH:2
end_of_record
TN:
SF:src\useCases\Niveis\Delete\DeleteNivelUseCase.ts
FN:8,execute
FNF:1
FNH:1
FNDA:3,execute
DA:1,1
DA:2,1
DA:3,1
DA:4,1
DA:5,1
DA:6,1
DA:7,1
DA:8,1
DA:9,3
DA:10,3
DA:11,3
DA:12,3
DA:13,3
DA:14,3
DA:15,3
DA:16,1
DA:17,1
DA:18,3
DA:19,3
DA:20,3
DA:21,3
DA:22,3
DA:23,3
DA:24,3
DA:25,3
DA:26,3
DA:27,1
DA:28,1
DA:29,1
LF:29
LH:29
BRDA:8,0,0,3
BRDA:15,1,0,1
BRF:2
BRH:2
end_of_record
TN:
SF:src\useCases\Niveis\Get\GetNivelController.ts
FN:5,handle
FNF:1
FNH:1
FNDA:9,handle
DA:1,1
DA:2,1
DA:3,1
DA:4,1
DA:5,1
DA:6,9
DA:7,9
DA:8,9
DA:9,9
DA:10,9
DA:11,9
DA:12,9
DA:13,9
DA:14,9
DA:15,9
DA:16,8
DA:17,9
DA:18,2
DA:19,2
DA:20,6
DA:21,6
DA:22,9
DA:23,1
DA:24,1
DA:25,9
DA:26,1
DA:27,1
DA:28,1
LF:28
LH:28
BRDA:5,0,0,9
BRDA:16,1,0,8
BRDA:17,2,0,2
BRDA:20,3,0,6
BRDA:22,4,0,1
BRF:5
BRH:5
end_of_record
TN:
SF:src\useCases\Niveis\Get\GetNivelUseCase.ts
FN:10,execute
FNF:1
FNH:1
FNDA:9,execute
DA:1,1
DA:2,1
DA:3,1
DA:4,1
DA:5,1
DA:6,1
DA:7,1
DA:8,1
DA:9,1
DA:10,1
DA:11,9
DA:12,9
DA:13,9
DA:14,9
DA:15,7
DA:16,9
DA:17,2
DA:18,2
DA:19,9
DA:20,9
DA:21,9
DA:22,9
DA:23,9
DA:24,9
DA:25,9
DA:26,9
DA:27,9
DA:28,9
DA:29,9
DA:30,9
DA:31,9
DA:32,9
DA:33,9
DA:34,9
DA:35,9
DA:36,9
DA:37,9
DA:38,9
DA:39,9
DA:40,9
DA:41,2
DA:42,2
DA:43,9
DA:44,9
DA:45,9
DA:46,1
DA:47,1
DA:48,1
LF:48
LH:48
BRDA:10,0,0,9
BRDA:14,1,0,3
BRDA:14,2,0,7
BRDA:16,3,0,2
BRDA:40,4,0,2
BRF:5
BRH:5
end_of_record
TN:
SF:src\useCases\Niveis\Update\UpdateNivelController.ts
FN:5,handle
FNF:1
FNH:1
FNDA:2,handle
DA:1,1
DA:2,1
DA:3,1
DA:4,1
DA:5,1
DA:6,2
DA:7,2
DA:8,2
DA:9,2
DA:10,2
DA:11,2
DA:12,2
DA:13,2
DA:14,2
DA:15,2
DA:16,2
DA:17,2
DA:18,2
DA:19,2
DA:20,2
DA:21,2
DA:22,1
DA:23,1
DA:24,1
LF:24
LH:24
BRDA:5,0,0,2
BRF:1
BRH:1
end_of_record
TN:
SF:src\useCases\Niveis\Update\UpdateNivelUseCase.ts
FN:9,execute
FNF:1
FNH:1
FNDA:2,execute
DA:1,1
DA:2,1
DA:3,1
DA:4,1
DA:5,1
DA:6,1
DA:7,1
DA:8,1
DA:9,1
DA:10,2
DA:11,2
DA:12,2
DA:13,2
DA:14,2
DA:15,2
DA:16,2
DA:17,2
DA:18,2
DA:19,2
DA:20,2
DA:21,2
DA:22,1
DA:23,1
DA:24,1
LF:24
LH:24
BRDA:9,0,0,2
BRF:1
BRH:1
end_of_record
